Build started 11/18/2011 12:54:43 PM.
     1>Project "C:\Dev\Source\Projects\jtomasone\JCTGame\JCTGame\JCTGame.vcxproj" on node 3 (build target(s)).
     1>InitializeBuildStatus:
         Touching "Release\JCTGame.unsuccessfulbuild".
       ClCompile:
         All outputs are up-to-date.
       ResourceCompile:
         All outputs are up-to-date.
     1>C:\Program Files (x86)\MSBuild\Microsoft.Cpp\v4.0\Microsoft.CppBuild.targets(990,5): warning MSB8012: TargetPath(c:\Bin\Release\JCTGame.exe) does not match the Linker's OutputFile property value (c:\Bin\ReleaseJCTGame.exe). This may cause your project to build incorrectly. To correct this, please make sure that $(OutDir), $(TargetName) and $(TargetExt) property values match the value specified in %(Link.OutputFile).
     1>C:\Program Files (x86)\MSBuild\Microsoft.Cpp\v4.0\Microsoft.CppBuild.targets(992,5): warning MSB8012: TargetName(JCTGame) does not match the Linker's OutputFile property value (ReleaseJCTGame). This may cause your project to build incorrectly. To correct this, please make sure that $(OutDir), $(TargetName) and $(TargetExt) property values match the value specified in %(Link.OutputFile).
       Link:
         c:\Program Files (x86)\Microsoft Visual Studio 10.0\VC\bin\link.exe /ERRORREPORT:PROMPT /OUT:"c:\Bin\ReleaseJCTGame.exe" /INCREMENTAL:NO /NOLOGO /LIBPATH:..\..\lib JCTGameEngineRelease.lib kernel32.lib user32.lib gdi32.lib winspool.lib comdlg32.lib advapi32.lib shell32.lib ole32.lib oleaut32.lib uuid.lib odbc32.lib odbccp32.lib /MANIFEST /ManifestFile:"Release\JCTGame.exe.intermediate.manifest" /MANIFESTUAC:"level='asInvoker' uiAccess='false'" /DEBUG /PDB:"c:\Bin\Release\JCTGame.pdb" /SUBSYSTEM:WINDOWS /OPT:REF /OPT:ICF /LTCG /TLBID:1 /DYNAMICBASE /NXCOMPAT /IMPLIB:"c:\Bin\Release\JCTGame.lib" /MACHINE:X86 Release\JCTGame.res
         Release\JCTGame.obj
     1>LINK : fatal error LNK1181: cannot open input file 'JCTGameEngineRelease.lib'
     1>Done Building Project "C:\Dev\Source\Projects\jtomasone\JCTGame\JCTGame\JCTGame.vcxproj" (build target(s)) -- FAILED.

Build FAILED.

Time Elapsed 00:00:00.14
